2025-06-27 20:04:26,536 - semgrep.notifications - WARNING - METRICS: Using configs from the Registry (like --config=p/ci) reports pseudonymous rule metrics to semgrep.dev.
To disable Registry rule metrics, use "--metrics=off".
Using configs only from local files (like --config=xyz.yml) does not enable metrics.

More information: https://semgrep.dev/docs/metrics

2025-06-27 20:04:26,545 - semgrep.run_scan - DEBUG - semgrep version 1.4.0
2025-06-27 20:04:26,552 - semgrep.git - DEBUG - Failed to get project url from 'git ls-remote': Command failed with exit code: 128
-----
Command failed with output:
fatal: No remote configured to list refs from.


Failed to run 'git ls-remote --get-url'. Possible reasons:

- the git binary is not available
- the current working directory is not a git repository
- the baseline commit is not a parent of the current commit
    (if you are running through semgrep-app, check if you are setting `SEMGREP_BRANCH` or `SEMGREP_BASELINE_COMMIT` properly)
- the current working directory is not marked as safe
    (fix with `git config --global --add safe.directory $(pwd)`)

Try running the command yourself to debug the issue.
2025-06-27 20:04:26,553 - semgrep.config_resolver - DEBUG - Loading local config from /home/runner/workspace/.config/.semgrep/semgrep_rules.json
2025-06-27 20:04:26,555 - semgrep.config_resolver - DEBUG - Done loading local config from /home/runner/workspace/.config/.semgrep/semgrep_rules.json
2025-06-27 20:04:26,559 - semgrep.config_resolver - DEBUG - Saving rules to /tmp/semgrep-4tobvff2.rules
2025-06-27 20:04:27,637 - semgrep.rule_lang - DEBUG - semgrep-core validation response: valid=True
2025-06-27 20:04:27,638 - semgrep.rule_lang - DEBUG - semgrep-core validation succeeded
2025-06-27 20:04:27,638 - semgrep.rule_lang - DEBUG - RPC validation succeeded
2025-06-27 20:04:27,638 - semgrep.config_resolver - DEBUG - loaded 1 configs in 1.0850610733032227
2025-06-27 20:04:27,843 - semgrep.run_scan - VERBOSE - running 715 rules from 1 config /home/runner/workspace/.config/.semgrep/semgrep_rules.json_0
2025-06-27 20:04:27,844 - semgrep.run_scan - VERBOSE - No .semgrepignore found. Using default .semgrepignore rules. See the docs for the list of default ignores: https://semgrep.dev/docs/cli-usage/#ignore-files
2025-06-27 20:04:27,847 - semgrep.run_scan - VERBOSE - Rules:
2025-06-27 20:04:27,848 - semgrep.run_scan - VERBOSE - <SKIPPED DATA (too many entries; use --max-log-list-entries)>
2025-06-27 20:04:28,501 - semgrep.core_runner - DEBUG - Passing whole rules directly to semgrep_core
2025-06-27 20:04:28,730 - semgrep.core_runner - DEBUG - Running Semgrep engine with command:
2025-06-27 20:04:28,730 - semgrep.core_runner - DEBUG - /tmp/_MEIJDZkay/semgrep/bin/opengrep-core -json -rules /tmp/tmpsyv1n9he.json -j 8 -targets /tmp/tmpybil91x8 -timeout 5 -timeout_threshold 3 -max_memory 0 -fast
2025-06-27 20:04:32,795 - semgrep.core_runner - DEBUG - --- semgrep-core stderr ---
[00.09][[34mINFO[0m]: Executed as: /tmp/_MEIJDZkay/semgrep/bin/opengrep-core -json -rules /tmp/tmpsyv1n9he.json -j 8 -targets /tmp/tmpybil91x8 -timeout 5 -timeout_threshold 3 -max_memory 0 -fast
[00.09][[34mINFO[0m]: Version: 1.4.0
[00.09][[34mINFO[0m]: Parsing rules in /tmp/tmpsyv1n9he.json
[00.63][[34mINFO[0m]: scan: processing 241 files (skipping 0), with 457 rules (skipping 0 )
[02.65][[33mWARNING[0m]: Fixpoint timeout while performing taint analysis [rule: config..semgrep.vendored-rules.javascript.lang.security.audit.detect-non-literal-require file: client/src/components/deployment-modal.tsx func: DeploymentModal:5594]
[0m--- end semgrep-core stderr ---
2025-06-27 20:04:32,801 - semgrep.rule_match - DEBUG - match_key = ('', PosixPath('client/index.html'), 'config..semgrep.vendored-rules.html.security.audit.missing-integrity') match_id = 0ee74fd49637bebe183eca7188dbde26e386314e62cc2e7ba1ee60b377b638243fcd84e6c6fa04886198ccacfa6a711bfbcc61a28f9ddc913d5b3c53083cbc90_0
2025-06-27 20:04:32,802 - semgrep.rule_match - DEBUG - match_key = (' type="text/javascript" src="https://replit.com/public/js/replit-dev-banner.js" (?is).*integrity= (google-analytics\\.com|fonts\\.googleapis\\.com|fonts\\.gstatic\\.com|googletagmanager\\.com) .*rel\\s*=\\s*[\'"]?preconnect.* href="... :// ..." href="//..." href=\'... :// ...\' href=\'//...\' src="... :// ..." src="//..." src=\'... :// ...\' src=\'//...\' <link  type="text/javascript" src="https://replit.com/public/js/replit-dev-banner.js" > <script  type="text/javascript" src="https://replit.com/public/js/replit-dev-banner.js" >...</script>', PosixPath('client/index.html'), 'config..semgrep.vendored-rules.html.security.audit.missing-integrity') match_id = 0728b64e224596592d04447ba8a642ff94e1fb9fcc07be26d49dc7e7f6898e638ad16ffcaca086932c58f4c6400fe32603323afef02cf9bfebcb0e4a53562a40_0
2025-06-27 20:04:32,802 - semgrep.rule_match - DEBUG - match_key = (' type="text/javascript" src="https://replit.com/public/js/replit-dev-banner.js" (?is).*integrity= (google-analytics\\.com|fonts\\.googleapis\\.com|fonts\\.gstatic\\.com|googletagmanager\\.com) .*rel\\s*=\\s*[\'"]?preconnect.* href="... :// ..." href="//..." href=\'... :// ...\' href=\'//...\' src="... :// ..." src="//..." src=\'... :// ...\' src=\'//...\' <link  type="text/javascript" src="https://replit.com/public/js/replit-dev-banner.js" > <script  type="text/javascript" src="https://replit.com/public/js/replit-dev-banner.js" >...</script>', PosixPath('client/index.html'), 'config..semgrep.vendored-rules.html.security.audit.missing-integrity') match_id = 0728b64e224596592d04447ba8a642ff94e1fb9fcc07be26d49dc7e7f6898e638ad16ffcaca086932c58f4c6400fe32603323afef02cf9bfebcb0e4a53562a40_0
2025-06-27 20:04:32,802 - semgrep.rule_match - DEBUG - match_key = (' type="text/javascript" src="https://replit.com/public/js/replit-dev-banner.js" (?is).*integrity= (google-analytics\\.com|fonts\\.googleapis\\.com|fonts\\.gstatic\\.com|googletagmanager\\.com) .*rel\\s*=\\s*[\'"]?preconnect.* href="... :// ..." href="//..." href=\'... :// ...\' href=\'//...\' src="... :// ..." src="//..." src=\'... :// ...\' src=\'//...\' <link  type="text/javascript" src="https://replit.com/public/js/replit-dev-banner.js" > <script  type="text/javascript" src="https://replit.com/public/js/replit-dev-banner.js" >...</script>', PosixPath('client/index.html'), 'config..semgrep.vendored-rules.html.security.audit.missing-integrity') match_id = 0728b64e224596592d04447ba8a642ff94e1fb9fcc07be26d49dc7e7f6898e638ad16ffcaca086932c58f4c6400fe32603323afef02cf9bfebcb0e4a53562a40_0
2025-06-27 20:04:32,803 - semgrep.rule_match - DEBUG - match_key = ('', PosixPath('server/services/pdfGenerator.ts'), 'config..semgrep.vendored-rules.javascript.lang.security.html-in-template-string') match_id = 684e41976a67d43a6fa65e6f979e5a1bcdd2df8c831ed879bbe22d5dbd36862477333cad26e43ce9119cee8c8c180351626be33e09a976e13569276e0d127807_0
2025-06-27 20:04:32,804 - semgrep.rule_match - DEBUG - match_key = ('">View Transaction</a></li>\n        </ul>\n    </div>\n</body>\n</html>\n     .*</?[a-zA-Z] `">View Transaction</a></li>\n        </ul>\n    </div>\n</body>\n</html>\n    ${content.transactionHash}...`\n `...${content.transactionHash}">View Transaction</a></li>\n        </ul>\n    </div>\n</body>\n</html>\n    `\n', PosixPath('server/services/pdfGenerator.ts'), 'config..semgrep.vendored-rules.javascript.lang.security.html-in-template-string') match_id = ae4473130a254d844e674f6c549166887dbcd30cbcff0de49ea55c2e20dd86d95dd46a7f8efac7a8d4bca283f21bb1c687de3484db88caf3b2d5385f098a497f_0
2025-06-27 20:04:32,805 - semgrep.rule_match - DEBUG - match_key = ('">View Transaction</a></li>\n        </ul>\n    </div>\n</body>\n</html>\n     .*</?[a-zA-Z] `">View Transaction</a></li>\n        </ul>\n    </div>\n</body>\n</html>\n    ${content.transactionHash}...`\n `...${content.transactionHash}">View Transaction</a></li>\n        </ul>\n    </div>\n</body>\n</html>\n    `\n', PosixPath('server/services/pdfGenerator.ts'), 'config..semgrep.vendored-rules.javascript.lang.security.html-in-template-string') match_id = ae4473130a254d844e674f6c549166887dbcd30cbcff0de49ea55c2e20dd86d95dd46a7f8efac7a8d4bca283f21bb1c687de3484db88caf3b2d5385f098a497f_0
2025-06-27 20:04:32,807 - semgrep.rule_match - DEBUG - match_key = ('">View Transaction</a></li>\n        </ul>\n    </div>\n</body>\n</html>\n     .*</?[a-zA-Z] `">View Transaction</a></li>\n        </ul>\n    </div>\n</body>\n</html>\n    ${content.transactionHash}...`\n `...${content.transactionHash}">View Transaction</a></li>\n        </ul>\n    </div>\n</body>\n</html>\n    `\n', PosixPath('server/services/pdfGenerator.ts'), 'config..semgrep.vendored-rules.javascript.lang.security.html-in-template-string') match_id = ae4473130a254d844e674f6c549166887dbcd30cbcff0de49ea55c2e20dd86d95dd46a7f8efac7a8d4bca283f21bb1c687de3484db88caf3b2d5385f098a497f_0
2025-06-27 20:04:32,808 - semgrep.rule_match - DEBUG - match_key = ('', PosixPath('server/services/pdfGenerator.ts'), 'config..semgrep.vendored-rules.javascript.lang.security.html-in-template-string') match_id = 684e41976a67d43a6fa65e6f979e5a1bcdd2df8c831ed879bbe22d5dbd36862477333cad26e43ce9119cee8c8c180351626be33e09a976e13569276e0d127807_0
2025-06-27 20:04:32,808 - semgrep.rule_match - DEBUG - match_key = ('<li> .*</?[a-zA-Z] `<li>${feature.toUpperCase()}...`\n `...${feature.toUpperCase()}<li>`\n', PosixPath('server/services/pdfGenerator.ts'), 'config..semgrep.vendored-rules.javascript.lang.security.html-in-template-string') match_id = 13381e528fd6e976c3c3e9eae6749770b664dbd0cc594217be04ab7f75b85617d17a15bd4c6c2878579175cb9e5ed88854af9844c3bc73c8d169317808ee0743_0
2025-06-27 20:04:32,809 - semgrep.rule_match - DEBUG - match_key = ('<li> .*</?[a-zA-Z] `<li>${feature.toUpperCase()}...`\n `...${feature.toUpperCase()}<li>`\n', PosixPath('server/services/pdfGenerator.ts'), 'config..semgrep.vendored-rules.javascript.lang.security.html-in-template-string') match_id = 13381e528fd6e976c3c3e9eae6749770b664dbd0cc594217be04ab7f75b85617d17a15bd4c6c2878579175cb9e5ed88854af9844c3bc73c8d169317808ee0743_0
2025-06-27 20:04:32,810 - semgrep.rule_match - DEBUG - match_key = ('<li> .*</?[a-zA-Z] `<li>${feature.toUpperCase()}...`\n `...${feature.toUpperCase()}<li>`\n', PosixPath('server/services/pdfGenerator.ts'), 'config..semgrep.vendored-rules.javascript.lang.security.html-in-template-string') match_id = 13381e528fd6e976c3c3e9eae6749770b664dbd0cc594217be04ab7f75b85617d17a15bd4c6c2878579175cb9e5ed88854af9844c3bc73c8d169317808ee0743_0
2025-06-27 20:04:32,813 - semgrep.core_runner - DEBUG - semgrep ran in 0:00:04.312677 on 82 files
2025-06-27 20:04:32,815 - semgrep.core_runner - DEBUG - findings summary: 3 warning, 0 error, 0 info
2025-06-27 20:04:32,817 - semgrep.app.auth - DEBUG - Getting API token from settings file
2025-06-27 20:04:32,818 - semgrep.app.auth - DEBUG - No API token found in settings file
2025-06-27 20:04:32,936 - semgrep.output - VERBOSE - 
========================================
Files skipped:
========================================

  Always skipped by Opengrep:

   • <none>

  Skipped by .gitignore:
  (Disable by passing --no-git-ignore)

   • <all files not listed by `git ls-files` were skipped>

  Skipped by .semgrepignore:
  - https://semgrep.dev/docs/ignoring-files-folders-code/#understand-semgrep-defaults

   • <none>

  Skipped by --include patterns:

   • <none>

  Skipped by --exclude patterns:

   • <none>

  Files skipped due to insufficient read permissions:

   • <none>

  Skipped by limiting to files smaller than 1000000 bytes:
  (Adjust with the --max-target-bytes flag)

   • <none>

  Partially analyzed due to parsing or internal Opengrep errors

   • tailwind.config.ts (1 lines skipped)

2025-06-27 20:04:32,937 - semgrep.output - INFO - Some files were skipped or only partially analyzed.
  Scan was limited to files tracked by git.
  Partially scanned: 1 files only partially analyzed due to parsing or internal Opengrep errors

Ran 438 rules on 82 files: 3 findings.
2025-06-27 20:04:32,938 - semgrep.app.version - DEBUG - Version cache does not exist
2025-06-27 20:04:32,953 - semgrep.metrics - VERBOSE - Not sending pseudonymous metrics since metrics are configured to OFF and registry usage is False
